* 29da2ae Agregando 2 p치rrafos
*   9a6dd9f Resolviendo conflicto en estaciones del a침o con fechas
|\  
| * 4ded724 agregando estaciones del a침o
* | 8fbf79d agregando fechas a las estaciones del a침o
|/  
*   047041c resolviendo conflicto
|\  
| * 6fcd3da agregando index.js a index.html
* | b6aec92 agregando style.css al index.html
* |   fe383a6 Merge branch 'js'
|\ \  
| * | b8d9909 creando index.js
* | | 92aa843 creando style.css
| |/  
|/|   
* | 08f6ded creando index.html
|/  
* 496cf0d ignorando archivos .exe
* 8850dac Creando licencia del repositorio
* 158143a agregando m치s contenido al README
* ffbf4f5 Agregando contenido inicial al README
* ffea12b First commit 游뗵
